<?xml version="1.0" encoding="UTF-8"?>
<!-- Generated by org.testng.reporters.JUnitXMLReporter -->
<testsuite ignored="0" hostname="Rithik" failures="0" tests="4" name="Default test" time="45.235" errors="0" timestamp="2023-04-27T15:34:15 IST">
  <testcase classname="com.rithik.D7.D7T5" name="test" time="0.008"/>
  <testcase classname="com.rithik.D7.D7T5" name="test1" time="0.273"/>
  <testcase classname="com.rithik.D7.D7T5" name="test2" time="3.127"/>
  <testcase classname="com.rithik.D7.D7T5" name="test3" time="3.268"/>
</testsuite> <!-- Default test -->
