<?xml version="1.0" encoding="UTF-8"?>
<!-- Generated by org.testng.reporters.JUnitXMLReporter -->
<testsuite ignored="0" hostname="Rithik" failures="0" tests="8" name="Default test" time="0.065" errors="0" timestamp="2023-05-02T09:58:48 IST">
  <testcase classname="com.rithik.D9.D9T1" name="add" time="0.007"/>
  <testcase classname="com.rithik.D9.D9T1" name="add" time="0.001"/>
  <testcase classname="com.rithik.D9.D9T1" name="div" time="0.0"/>
  <testcase classname="com.rithik.D9.D9T1" name="div" time="0.001"/>
  <testcase classname="com.rithik.D9.D9T1" name="mul" time="0.001"/>
  <testcase classname="com.rithik.D9.D9T1" name="mul" time="0.001"/>
  <testcase classname="com.rithik.D9.D9T1" name="sub" time="0.001"/>
  <testcase classname="com.rithik.D9.D9T1" name="sub" time="0.001"/>
</testsuite> <!-- Default test -->
