<?xml version="1.0" encoding="UTF-8"?>
<testng-results ignored="0" total="1" passed="1" failed="0" skipped="0">
  <reporter-output>
  </reporter-output>
  <suite started-at="2023-05-02T11:42:13 IST" name="Suite" finished-at="2023-05-02T11:42:47 IST" duration-ms="34387">
    <groups>
    </groups>
    <test started-at="2023-05-02T11:42:13 IST" name="Test" finished-at="2023-05-02T11:42:47 IST" duration-ms="34387">
      <class name="com.rithik.D9.D9T4">
        <test-method is-config="true" signature="beforeTest(java.lang.String)[pri:0, instance:com.rithik.D9.D9T4@1623b78d]" started-at="2023-05-02T11:42:13 IST" name="beforeTest" finished-at="2023-05-02T11:42:43 IST" duration-ms="30251" status="PASS">
          <params>
            <param index="0">
              <value>
                <![CDATA[edge]]>
              </value>
            </param>
          </params>
          <reporter-output>
          </reporter-output>
        </test-method> <!-- beforeTest -->
        <test-method signature="f()[pri:0, instance:com.rithik.D9.D9T4@1623b78d]" started-at="2023-05-02T11:42:43 IST" name="f" finished-at="2023-05-02T11:42:47 IST" duration-ms="3788" status="PASS">
          <reporter-output>
          </reporter-output>
        </test-method> <!-- f -->
        <test-method is-config="true" signature="afterTest()[pri:0, instance:com.rithik.D9.D9T4@1623b78d]" started-at="2023-05-02T11:42:47 IST" name="afterTest" finished-at="2023-05-02T11:42:47 IST" duration-ms="313" status="PASS">
          <reporter-output>
          </reporter-output>
        </test-method> <!-- afterTest -->
      </class> <!-- com.rithik.D9.D9T4 -->
    </test> <!-- Test -->
  </suite> <!-- Suite -->
</testng-results>
