<?xml version="1.0" encoding="UTF-8"?>
<!-- Generated by org.testng.reporters.JUnitXMLReporter -->
<testsuite ignored="0" hostname="Rithik" failures="1" tests="1" name="Test" time="12.977" errors="0" timestamp="2023-05-02T12:40:52 IST">
  <testcase classname="com.rithik.D9.D9T5" name="f" time="2.905">
    <failure type="org.junit.ComparisonFailure" message="expected:&amp;lt;...e.com/web/index.php/[dashboard/index]&amp;gt; but was:&amp;lt;...e.com/web/index.php/[auth/login]&amp;gt;">
      <![CDATA[org.junit.ComparisonFailure: expected:<...e.com/web/index.php/[dashboard/index]> but was:<...e.com/web/index.php/[auth/login]>
at org.junit.Assert.assertEquals(Assert.java:115)
at org.junit.Assert.assertEquals(Assert.java:144)
at com.rithik.D9.D9T5.f(D9T5.java:43)
at java.base/java.util.ArrayList.forEach(ArrayList.java:1511)
... Removed 27 stack frames]]>
    </failure>
  </testcase> <!-- f -->
</testsuite> <!-- Test -->
